0 info it worked if it ends with ok
1 verbose cli [ '/usr/local/Cellar/node/6.9.1/bin/node',
1 verbose cli   '/usr/local/bin/npm',
1 verbose cli   'owner',
1 verbose cli   'ls',
1 verbose cli   'kibana' ]
2 info using npm@3.10.8
3 info using node@v6.9.1
4 verbose config Skipping project config: /Users/srikarananthula/.npmrc. (matches userconfig)
5 silly mapToRegistry name kibana
6 silly mapToRegistry using default registry
7 silly mapToRegistry registry https://registry.npmjs.org/
8 silly mapToRegistry data Result {
8 silly mapToRegistry   raw: 'kibana',
8 silly mapToRegistry   scope: null,
8 silly mapToRegistry   escapedName: 'kibana',
8 silly mapToRegistry   name: 'kibana',
8 silly mapToRegistry   rawSpec: '',
8 silly mapToRegistry   spec: 'latest',
8 silly mapToRegistry   type: 'tag' }
9 silly mapToRegistry uri https://registry.npmjs.org/kibana
10 verbose request uri https://registry.npmjs.org/kibana
11 verbose request no auth needed
12 info attempt registry request try #1 at 7:28:35 PM
13 verbose request id 62314733c2219d79
14 http request GET https://registry.npmjs.org/kibana
15 http 404 https://registry.npmjs.org/kibana
16 verbose headers { 'content-type': 'application/json',
16 verbose headers   'cache-control': 'max-age=0',
16 verbose headers   'content-length': '2',
16 verbose headers   'accept-ranges': 'bytes',
16 verbose headers   date: 'Sat, 22 Oct 2016 13:58:38 GMT',
16 verbose headers   via: '1.1 varnish',
16 verbose headers   age: '0',
16 verbose headers   connection: 'keep-alive',
16 verbose headers   'x-served-by': 'cache-sin6922-SIN',
16 verbose headers   'x-cache': 'MISS',
16 verbose headers   'x-cache-hits': '0',
16 verbose headers   'x-timer': 'S1477144718.099149,VS0,VE226',
16 verbose headers   vary: 'Accept-Encoding' }
17 silly get cb [ 404,
17 silly get   { 'content-type': 'application/json',
17 silly get     'cache-control': 'max-age=0',
17 silly get     'content-length': '2',
17 silly get     'accept-ranges': 'bytes',
17 silly get     date: 'Sat, 22 Oct 2016 13:58:38 GMT',
17 silly get     via: '1.1 varnish',
17 silly get     age: '0',
17 silly get     connection: 'keep-alive',
17 silly get     'x-served-by': 'cache-sin6922-SIN',
17 silly get     'x-cache': 'MISS',
17 silly get     'x-cache-hits': '0',
17 silly get     'x-timer': 'S1477144718.099149,VS0,VE226',
17 silly get     vary: 'Accept-Encoding' } ]
18 error owner ls Couldn't get owner data kibana
19 verbose stack Error: Registry returned 404 for GET on https://registry.npmjs.org/kibana
19 verbose stack     at makeError (/usr/local/lib/node_modules/npm/node_modules/npm-registry-client/lib/request.js:302:12)
19 verbose stack     at CachingRegistryClient.<anonymous> (/usr/local/lib/node_modules/npm/node_modules/npm-registry-client/lib/request.js:280:14)
19 verbose stack     at Request._callback (/usr/local/lib/node_modules/npm/node_modules/npm-registry-client/lib/request.js:210:14)
19 verbose stack     at Request.self.callback (/usr/local/lib/node_modules/npm/node_modules/request/request.js:187:22)
19 verbose stack     at emitTwo (events.js:106:13)
19 verbose stack     at Request.emit (events.js:191:7)
19 verbose stack     at Request.<anonymous> (/usr/local/lib/node_modules/npm/node_modules/request/request.js:1044:10)
19 verbose stack     at emitOne (events.js:96:13)
19 verbose stack     at Request.emit (events.js:188:7)
19 verbose stack     at IncomingMessage.<anonymous> (/usr/local/lib/node_modules/npm/node_modules/request/request.js:965:12)
20 verbose statusCode 404
21 verbose pkgid kibana
22 verbose cwd /Users/srikarananthula/github_srikar_repos/homebrew-core/Formula
23 error Darwin 16.0.0
24 error argv "/usr/local/Cellar/node/6.9.1/bin/node" "/usr/local/bin/npm" "owner" "ls" "kibana"
25 error node v6.9.1
26 error npm  v3.10.8
27 error code E404
28 error 404 Registry returned 404 for GET on https://registry.npmjs.org/kibana
29 error 404
30 error 404 'kibana' is not in the npm registry.
31 error 404 You should bug the author to publish it (or use the name yourself!)
32 error 404 Note that you can also install from a
33 error 404 tarball, folder, http url, or git url.
34 verbose exit [ 1, true ]
